<?xml version="1.0" encoding="UTF-8"?>
<testsuite xmlns:xsi="http://www.w3.org/2001/XMLSchema-instance" xsi:noNamespaceSchemaLocation="https://maven.apache.org/surefire/maven-surefire-plugin/xsd/surefire-test-report-3.0.xsd" version="3.0" name="com.soeztrip.travelplanner.SoezTripApplicationTests" time="34.22" tests="1" errors="0" skipped="0" failures="0">
  <properties>
[...]
</properties>
  <testcase name="contextLoads" classname="com.soeztrip.travelplanner.SoezTripApplicationTests" time="2.397">
    <system-out><![CDATA[Standard Commons Logging discovery in action with spring-jcl: please remove commons-logging.jar from classpath in order to avoid potential conflicts
16:04:31.242 [main] INFO org.springframework.test.context.support.AnnotationConfigContextLoaderUtils -- Could not detect default configuration classes for test class [com.soeztrip.travelplanner.SoezTripApplicationTests]: SoezTripApplicationTests does not declare any static, non-private, non-final, nested classes annotated with @Configuration.
16:04:31.996 [main] INFO org.springframework.boot.test.context.SpringBootTestContextBootstrapper -- Found @SpringBootConfiguration com.soeztrip.travelplanner.SoezTripApplication for test class com.soeztrip.travelplanner.SoezTripApplicationTests

  .   ____          _            __ _ _
 /\\ / ___'_ __ _ _(_)_ __  __ _ \ \ \ \
( ( )\___ | '_ | '_| | '_ \/ _` | \ \ \ \
 \\/  ___)| |_)| | | | | || (_| |  ) ) ) )
  '  |____| .__|_| |_|_| |_\__, | / / / /
 =========|_|==============|___/=/_/_/_/
 :: Spring Boot ::                (v3.1.3)

2024-07-02T16:04:34.521+02:00  INFO 11510 --- [           main] c.s.t.SoezTripApplicationTests           : Starting SoezTripApplicationTests using Java 17.0.7 with PID 11510 (started by fedora in /home/fedora/Studies/inżynierka/SOEZ)
2024-07-02T16:04:34.530+02:00  INFO 11510 --- [           main] c.s.t.SoezTripApplicationTests           : No active profile set, falling back to 1 default profile: "default"
2024-07-02T16:04:38.664+02:00  INFO 11510 --- [           main] .s.d.r.c.RepositoryConfigurationDelegate : Bootstrapping Spring Data JPA repositories in DEFAULT mode.
2024-07-02T16:04:39.461+02:00  INFO 11510 --- [           main] .s.d.r.c.RepositoryConfigurationDelegate : Finished Spring Data repository scanning in 716 ms. Found 9 JPA repository interfaces.
2024-07-02T16:04:42.878+02:00  INFO 11510 --- [           main] o.hibernate.jpa.internal.util.LogHelper  : HHH000204: Processing PersistenceUnitInfo [name: default]
2024-07-02T16:04:43.182+02:00  INFO 11510 --- [           main] org.hibernate.Version                    : HHH000412: Hibernate ORM core version 6.2.7.Final
2024-07-02T16:04:43.201+02:00  INFO 11510 --- [           main] org.hibernate.cfg.Environment            : HHH000406: Using bytecode reflection optimizer
2024-07-02T16:04:43.746+02:00  INFO 11510 --- [           main] o.h.b.i.BytecodeProviderInitiator        : HHH000021: Bytecode provider name : bytebuddy
2024-07-02T16:04:44.599+02:00  INFO 11510 --- [           main] o.s.o.j.p.SpringPersistenceUnitInfo      : No LoadTimeWeaver setup: ignoring JPA class transformer
2024-07-02T16:04:44.713+02:00  INFO 11510 --- [           main] com.zaxxer.hikari.HikariDataSource       : HikariPool-1 - Starting...
2024-07-02T16:04:45.771+02:00  INFO 11510 --- [           main] com.zaxxer.hikari.pool.HikariPool        : HikariPool-1 - Added connection org.postgresql.jdbc.PgConnection@69eb544f
2024-07-02T16:04:45.779+02:00  INFO 11510 --- [           main] com.zaxxer.hikari.HikariDataSource       : HikariPool-1 - Start completed.
2024-07-02T16:04:47.276+02:00  INFO 11510 --- [           main] o.h.b.i.BytecodeProviderInitiator        : HHH000021: Bytecode provider name : bytebuddy
2024-07-02T16:04:52.060+02:00  INFO 11510 --- [           main] o.h.e.t.j.p.i.JtaPlatformInitiator       : HHH000490: Using JtaPlatform implementation: [org.hibernate.engine.transaction.jta.platform.internal.NoJtaPlatform]
Hibernate: 
    create table chat_room (
        id bigserial not null,
        trip_id bigint,
        primary key (id)
    )
Hibernate: 
    create table chatroom_user (
        chatroom_id bigint not null,
        user_id bigint not null
    )
Hibernate: 
    create table friendship (
        user_id bigint not null,
        friend_id bigint not null,
        primary key (user_id, friend_id)
    )
Hibernate: 
    create table message (
        id bigserial not null,
        content varchar(255),
        timestamp timestamp(6),
        chatroom_id bigint,
        user_id bigint,
        primary key (id)
    )
Hibernate: 
    create table places (
        id bigserial not null,
        arrive timestamp(6),
        country varchar(255),
        leave timestamp(6),
        name varchar(255),
        photo_file_path varchar(255),
        prompt varchar(2048),
        trip_id bigint,
        primary key (id)
    )
Hibernate: 
    create table roles (
        id bigserial not null,
        name varchar(255),
        primary key (id)
    )
Hibernate: 
    create table tickets (
        id bigserial not null,
        name varchar(255),
        ticket_path varchar(255),
        place_id bigint,
        primary key (id)
    )
Hibernate: 
    create table trip_roles (
        id bigserial not null,
        name varchar(255),
        primary key (id)
    )
Hibernate: 
    create table trips (
        id bigserial not null,
        ending_date timestamp(6),
        photo_file_path varchar(255),
        starting_date timestamp(6),
        title varchar(255),
        primary key (id)
    )
Hibernate: 
    create table user_role (
        user_id bigint not null,
        role_id bigint not null
    )
Hibernate: 
    create table user_trip (
        id bigserial not null,
        trip_id bigint,
        trip_role_id bigint,
        user_id bigint,
        primary key (id)
    )
Hibernate: 
    create table users (
        id bigserial not null,
        email varchar(255) not null,
        first_name varchar(255) not null,
        last_name varchar(255) not null,
        password varchar(255) not null,
        profile_picture_path varchar(255),
        primary key (id)
    )
Hibernate: 
    alter table if exists chat_room 
       drop constraint if exists UK_231f9vnmil9ivsj6bybqjv64l
2024-07-02T16:04:52.569+02:00  WARN 11510 --- [           main] o.h.engine.jdbc.spi.SqlExceptionHelper   : SQL Warning Code: 0, SQLState: 00000
2024-07-02T16:04:52.573+02:00  WARN 11510 --- [           main] o.h.engine.jdbc.spi.SqlExceptionHelper   : constraint "uk_231f9vnmil9ivsj6bybqjv64l" of relation "chat_room" does not exist, skipping
Hibernate: 
    alter table if exists chat_room 
       add constraint UK_231f9vnmil9ivsj6bybqjv64l unique (trip_id)
Hibernate: 
    alter table if exists users 
       drop constraint if exists UK_6dotkott2kjsp8vw4d0m25fb7
2024-07-02T16:04:52.594+02:00  WARN 11510 --- [           main] o.h.engine.jdbc.spi.SqlExceptionHelper   : SQL Warning Code: 0, SQLState: 00000
2024-07-02T16:04:52.595+02:00  WARN 11510 --- [           main] o.h.engine.jdbc.spi.SqlExceptionHelper   : constraint "uk_6dotkott2kjsp8vw4d0m25fb7" of relation "users" does not exist, skipping
Hibernate: 
    alter table if exists users 
       add constraint UK_6dotkott2kjsp8vw4d0m25fb7 unique (email)
Hibernate: 
    alter table if exists chat_room 
       add constraint FKlvx37lvvbnm7sscvr1622nit6 
       foreign key (trip_id) 
       references trips
Hibernate: 
    alter table if exists chatroom_user 
       add constraint FKdqpso02e5x4lu8q8q7xhjayxo 
       foreign key (user_id) 
       references users
Hibernate: 
    alter table if exists chatroom_user 
       add constraint FKlcn4up6yj6q5nbpn04piay6dd 
       foreign key (chatroom_id) 
       references chat_room
Hibernate: 
    alter table if exists friendship 
       add constraint FK3xu72n4ht9qij4qc7wdpb2whd 
       foreign key (friend_id) 
       references users
Hibernate: 
    alter table if exists friendship 
       add constraint FKgc658l9wcttfpk0c1d3englh9 
       foreign key (user_id) 
       references users
Hibernate: 
    alter table if exists message 
       add constraint FK3dp0e0jr98c8rye4whnei24j 
       foreign key (chatroom_id) 
       references chat_room
Hibernate: 
    alter table if exists message 
       add constraint FKpdrb79dg3bgym7pydlf9k3p1n 
       foreign key (user_id) 
       references users
Hibernate: 
    alter table if exists places 
       add constraint FKiw9dd5x8tlemjr65fyhot0c1r 
       foreign key (trip_id) 
       references trips
Hibernate: 
    alter table if exists tickets 
       add constraint FKkbj4fh17k1k5ppc5byjkjyeko 
       foreign key (place_id) 
       references places
Hibernate: 
    alter table if exists user_role 
       add constraint FKt7e7djp752sqn6w22i6ocqy6q 
       foreign key (role_id) 
       references roles
Hibernate: 
    alter table if exists user_role 
       add constraint FKj345gk1bovqvfame88rcx7yyx 
       foreign key (user_id) 
       references users
Hibernate: 
    alter table if exists user_trip 
       add constraint FKliodtufgtfm3hf1dtws2lom3y 
       foreign key (trip_id) 
       references trips
Hibernate: 
    alter table if exists user_trip 
       add constraint FKiq64pacm41a0l26vc2epohj5x 
       foreign key (trip_role_id) 
       references trip_roles
Hibernate: 
    alter table if exists user_trip 
       add constraint FK7w99k75tg6awr7v85tdc1kli0 
       foreign key (user_id) 
       references users
2024-07-02T16:04:52.771+02:00  INFO 11510 --- [           main] j.LocalContainerEntityManagerFactoryBean : Initialized JPA EntityManagerFactory for persistence unit 'default'
2024-07-02T16:04:54.390+02:00  INFO 11510 --- [           main] o.s.d.j.r.query.QueryEnhancerFactory     : Hibernate is in classpath; If applicable, HQL parser will be used.
2024-07-02T16:04:58.598+02:00  WARN 11510 --- [           main] JpaBaseConfiguration$JpaWebConfiguration : spring.jpa.open-in-view is enabled by default. Therefore, database queries may be performed during view rendering. Explicitly configure spring.jpa.open-in-view to disable this warning
2024-07-02T16:04:59.321+02:00  INFO 11510 --- [           main] o.s.s.web.DefaultSecurityFilterChain     : Will secure any request with [org.springframework.security.web.session.DisableEncodeUrlFilter@1a524c6b, org.springframework.security.web.context.request.async.WebAsyncManagerIntegrationFilter@2408ca4c, org.springframework.security.web.context.SecurityContextHolderFilter@5b7e2a88, org.springframework.security.web.header.HeaderWriterFilter@3dc976da, org.springframework.security.web.authentication.logout.LogoutFilter@7ae5f795, com.soeztrip.travelplanner.security.JWTAuthenticationFilter@1c8e4810, org.springframework.security.web.authentication.www.BasicAuthenticationFilter@7a68818c, org.springframework.security.web.savedrequest.RequestCacheAwareFilter@7fac3ce0, org.springframework.security.web.servletapi.SecurityContextHolderAwareRequestFilter@441a2d52, org.springframework.security.web.authentication.AnonymousAuthenticationFilter@2f7e2481, org.springframework.security.web.session.SessionManagementFilter@78395e28, org.springframework.security.web.access.ExceptionTranslationFilter@72e806, org.springframework.security.web.access.intercept.AuthorizationFilter@280d20fb]
2024-07-02T16:05:01.575+02:00  WARN 11510 --- [           main] ion$DefaultTemplateResolverConfiguration : Cannot find template location: classpath:/templates/ (please add some templates, check your Thymeleaf configuration, or set spring.thymeleaf.check-template-location=false)
2024-07-02T16:05:01.864+02:00  INFO 11510 --- [           main] o.s.m.s.b.SimpleBrokerMessageHandler     : Starting...
2024-07-02T16:05:01.870+02:00  INFO 11510 --- [           main] o.s.m.s.b.SimpleBrokerMessageHandler     : BrokerAvailabilityEvent[available=true, SimpleBrokerMessageHandler [org.springframework.messaging.simp.broker.DefaultSubscriptionRegistry@107ac2b6]]
2024-07-02T16:05:01.878+02:00  INFO 11510 --- [           main] o.s.m.s.b.SimpleBrokerMessageHandler     : Started.
2024-07-02T16:05:01.925+02:00  INFO 11510 --- [           main] c.s.t.SoezTripApplicationTests           : Started SoezTripApplicationTests in 29.264 seconds (process running for 34.968)
]]></system-out>
  </testcase>
</testsuite>